0 info it worked if it ends with ok
1 verbose cli [ 'C:\\dev\\nodejs\\node.exe',
1 verbose cli   'C:\\dev\\nodejs\\node_modules\\npm\\bin\\npm-cli.js',
1 verbose cli   'run',
1 verbose cli   'script-compile' ]
2 info using npm@3.9.5
3 info using node@v6.2.2
4 verbose run-script [ 'prescript-compile', 'script-compile', 'postscript-compile' ]
5 info lifecycle frontcamp16-homework@1.0.0~prescript-compile: frontcamp16-homework@1.0.0
6 silly lifecycle frontcamp16-homework@1.0.0~prescript-compile: no script for prescript-compile, continuing
7 info lifecycle frontcamp16-homework@1.0.0~script-compile: frontcamp16-homework@1.0.0
8 verbose lifecycle frontcamp16-homework@1.0.0~script-compile: unsafe-perm in lifecycle true
9 verbose lifecycle frontcamp16-homework@1.0.0~script-compile: PATH: C:\dev\nodejs\node_modules\npm\bin\node-gyp-bin;C:\Users\Aliaksei_Bychyk\Documents\FrontCamp\Week1\HW1\AliakseiBychyk.github.io\node_modules\.bin;C:\dev\nodejs;C:\ProgramData\Oracle\Java\javapath;C:\WINDOWS\system32;C:\WINDOWS;C:\WINDOWS\System32\Wbem;C:\WINDOWS\System32\WindowsPowerShell\v1.0\;C:\Program Files\TortoiseSVN\bin;C:\Program Files (x86)\Skype\Phone\;C:\Program Files\Git\cmd;C:\dev\nodejs\;C:\Program Files\MongoDB\Server\3.2\bin;C:\Python27\;C:\Python27\Scripts;C:\HashiCorp\Vagrant\bin;;C:\Program Files (x86)\Microsoft VS Code\bin;C:\Users\Aliaksei_Bychyk\AppData\Roaming\npm
10 verbose lifecycle frontcamp16-homework@1.0.0~script-compile: CWD: C:\Users\Aliaksei_Bychyk\Documents\FrontCamp\Week1\HW1\AliakseiBychyk.github.io
11 silly lifecycle frontcamp16-homework@1.0.0~script-compile: Args: [ '/d /s /c',
11 silly lifecycle   'babel app.js --watch --out-file app-compiled.js' ]
12 silly lifecycle frontcamp16-homework@1.0.0~script-compile: Returned: code: 2  signal: null
13 info lifecycle frontcamp16-homework@1.0.0~script-compile: Failed to exec script-compile script
14 verbose stack Error: frontcamp16-homework@1.0.0 script-compile: `babel app.js --watch --out-file app-compiled.js`
14 verbose stack Exit status 2
14 verbose stack     at EventEmitter.<anonymous> (C:\dev\nodejs\node_modules\npm\lib\utils\lifecycle.js:245:16)
14 verbose stack     at emitTwo (events.js:106:13)
14 verbose stack     at EventEmitter.emit (events.js:191:7)
14 verbose stack     at ChildProcess.<anonymous> (C:\dev\nodejs\node_modules\npm\lib\utils\spawn.js:24:14)
14 verbose stack     at emitTwo (events.js:106:13)
14 verbose stack     at ChildProcess.emit (events.js:191:7)
14 verbose stack     at maybeClose (internal/child_process.js:852:16)
14 verbose stack     at Process.ChildProcess._handle.onexit (internal/child_process.js:215:5)
15 verbose pkgid frontcamp16-homework@1.0.0
16 verbose cwd C:\Users\Aliaksei_Bychyk\Documents\FrontCamp\Week1\HW1\AliakseiBychyk.github.io\scripts
17 error Windows_NT 10.0.10586
18 error argv "C:\\dev\\nodejs\\node.exe" "C:\\dev\\nodejs\\node_modules\\npm\\bin\\npm-cli.js" "run" "script-compile"
19 error node v6.2.2
20 error npm  v3.9.5
21 error code ELIFECYCLE
22 error frontcamp16-homework@1.0.0 script-compile: `babel app.js --watch --out-file app-compiled.js`
22 error Exit status 2
23 error Failed at the frontcamp16-homework@1.0.0 script-compile script 'babel app.js --watch --out-file app-compiled.js'.
23 error Make sure you have the latest version of node.js and npm installed.
23 error If you do, this is most likely a problem with the frontcamp16-homework package,
23 error not with npm itself.
23 error Tell the author that this fails on your system:
23 error     babel app.js --watch --out-file app-compiled.js
23 error You can get information on how to open an issue for this project with:
23 error     npm bugs frontcamp16-homework
23 error Or if that isn't available, you can get their info via:
23 error     npm owner ls frontcamp16-homework
23 error There is likely additional logging output above.
24 verbose exit [ 1, true ]
